<?xml version="1.0" encoding="UTF-8"?>
<!-- Generated by org.testng.reporters.JUnitReportReporter -->
<testsuite skipped="0" hostname="idea-PC" name="com.trs.xyz.TestClass2" tests="2" failures="0" timestamp="27 Sep 2017 11:18:16 GMT" time="0.564" errors="0">
  <testcase name="f" time="0.206" classname="com.trs.xyz.TestClass2"/>
  <testcase name="f" time="0.358" classname="com.trs.xyz.TestClass2"/>
</testsuite> <!-- com.trs.xyz.TestClass2 -->
