<?xml version="1.0" encoding="UTF-8"?>
<!-- Generated by org.testng.reporters.JUnitReportReporter -->
<testsuite skipped="0" hostname="idea-PC" name="com.testng.NewTest6" tests="3" failures="0" timestamp="12 Dec 2017 12:32:18 GMT" time="0.000" errors="0">
  <testcase name="BneateOrder" time="0.000" classname="com.testng.NewTest6"/>
  <testcase name="ArdCredential" time="0.000" classname="com.testng.NewTest6"/>
  <testcase name="CeleteProduct" time="0.000" classname="com.testng.NewTest6"/>
</testsuite> <!-- com.testng.NewTest6 -->
