<?xml version="1.0" encoding="UTF-8"?>
<!-- Generated by org.testng.reporters.JUnitReportReporter -->
<testsuite skipped="0" hostname="idea-PC" name="com.trs.xyz.TestClass" tests="5" failures="0" timestamp="14 Aug 2017 13:41:19 GMT" time="0.015" errors="0">
  <testcase name="T1" time="0.015" classname="com.trs.xyz.TestClass"/>
  <testcase name="T1" time="0.000" classname="com.trs.xyz.TestClass"/>
  <testcase name="T2" time="0.000" classname="com.trs.xyz.TestClass"/>
  <testcase name="T2" time="0.000" classname="com.trs.xyz.TestClass"/>
  <testcase name="T2" time="0.000" classname="com.trs.xyz.TestClass"/>
</testsuite> <!-- com.trs.xyz.TestClass -->
