<?xml version="1.0" encoding="UTF-8"?>
<!-- Generated by org.testng.reporters.JUnitReportReporter -->
<testsuite skipped="0" hostname="idea-PC" name="com.testng.NewTest5" tests="3" failures="0" timestamp="12 Dec 2017 12:32:18 GMT" time="0.016" errors="0">
  <testcase name="BrterCredential" time="0.016" classname="com.testng.NewTest5"/>
  <testcase name="CdlectProduct" time="0.000" classname="com.testng.NewTest5"/>
  <testcase name="ApeateOrder" time="0.000" classname="com.testng.NewTest5"/>
</testsuite> <!-- com.testng.NewTest5 -->
