<?xml version="1.0" encoding="UTF-8"?>
<!-- Generated by org.testng.reporters.JUnitReportReporter -->
<testsuite skipped="0" hostname="idea-PC" name="dropdownDemo.Case2" tests="4" failures="0" timestamp="11 Dec 2017 06:52:16 GMT" time="0.000" errors="0">
  <testcase name="Loginappln" time="0.000" classname="dropdownDemo.Case2"/>
  <testcase name="Logoutappln" time="0.000" classname="dropdownDemo.Case2"/>
  <testcase name="AddProduct" time="0.000" classname="dropdownDemo.Case2"/>
  <testcase name="DeleteProduct" time="0.000" classname="dropdownDemo.Case2"/>
</testsuite> <!-- dropdownDemo.Case2 -->
