<?xml version="1.0" encoding="UTF-8"?>
<!-- Generated by org.testng.reporters.JUnitReportReporter -->
<testsuite skipped="0" hostname="idea-PC" name="com.testng.NewTest4" tests="3" failures="0" timestamp="12 Dec 2017 12:09:45 GMT" time="0.000" errors="0">
  <testcase name="EnterAmount" time="0.000" classname="com.testng.NewTest4"/>
  <testcase name="EnterMoney" time="0.000" classname="com.testng.NewTest4"/>
  <testcase name="EnterCredential3" time="0.000" classname="com.testng.NewTest4"/>
</testsuite> <!-- com.testng.NewTest4 -->
