<?xml version="1.0" encoding="UTF-8"?>
<!-- Generated by org.testng.reporters.JUnitReportReporter -->
<testsuite skipped="0" hostname="idea-PC" name="Selenium.VerifyErrorMsg2" tests="2" failures="0" timestamp="04 Dec 2017 13:23:32 GMT" time="18.735" errors="0">
  <testcase name="TitleVerification" time="8.556" classname="Selenium.VerifyErrorMsg2"/>
  <testcase name="ErrorMsg" time="10.179" classname="Selenium.VerifyErrorMsg2"/>
</testsuite> <!-- Selenium.VerifyErrorMsg2 -->
