<?xml version="1.0" encoding="UTF-8"?>
<!-- Generated by org.testng.reporters.JUnitReportReporter -->
<testsuite skipped="1" hostname="idea-PC" name="com.testng.Datadriven" tests="1" failures="0" timestamp="10 Dec 2017 14:30:21 GMT" time="0.000" errors="0">
  <testcase name="LoginOrangeHRM" time="0.000" classname="com.testng.Datadriven">
    <skipped/>
  </testcase> <!-- LoginOrangeHRM -->
</testsuite> <!-- com.testng.Datadriven -->
