<?xml version="1.0" encoding="UTF-8"?>
<!-- Generated by org.testng.reporters.JUnitReportReporter -->
<testsuite skipped="0" hostname="idea-PC" name="com.trs.xyz.NewTestJava4" tests="1" failures="0" timestamp="12 Aug 2017 17:03:37 GMT" time="0.000" errors="0">
  <testcase name="t2" time="0.000" classname="com.trs.xyz.NewTestJava4"/>
</testsuite> <!-- com.trs.xyz.NewTestJava4 -->
