<?xml version="1.0" encoding="UTF-8"?>
<!-- Generated by org.testng.reporters.JUnitReportReporter -->
<testsuite skipped="0" hostname="idea-PC" name="scp.in.TestNGSecond" tests="3" failures="0" timestamp="06 Aug 2017 12:53:48 GMT" time="0.000" errors="0">
  <testcase name="f1" time="0.000" classname="scp.in.TestNGSecond"/>
  <testcase name="f3" time="0.000" classname="scp.in.TestNGSecond"/>
  <testcase name="f2" time="0.000" classname="scp.in.TestNGSecond"/>
</testsuite> <!-- scp.in.TestNGSecond -->
