<?xml version="1.0" encoding="UTF-8"?>
<!-- Generated by org.testng.reporters.JUnitReportReporter -->
<testsuite skipped="0" hostname="idea-PC" name="com.trs.xyz.TestClass2" tests="1" failures="0" timestamp="14 Aug 2017 17:04:47 GMT" time="1.359" errors="0">
  <testcase name="f" time="1.359" classname="com.trs.xyz.TestClass2"/>
</testsuite> <!-- com.trs.xyz.TestClass2 -->
