<?xml version="1.0" encoding="UTF-8"?>
<!-- Generated by org.testng.reporters.JUnitReportReporter -->
<testsuite skipped="0" hostname="idea-PC" name="com.testng.NewTest" tests="5" failures="0" timestamp="10 Dec 2017 06:12:58 GMT" time="0.016" errors="0">
  <testcase name="Logout1" time="0.000" classname="com.testng.NewTest"/>
  <testcase name="SelectProduct1" time="0.000" classname="com.testng.NewTest"/>
  <testcase name="EnterCredential1" time="0.000" classname="com.testng.NewTest"/>
  <testcase name="CreateOrder1" time="0.016" classname="com.testng.NewTest"/>
  <testcase name="Login1" time="0.000" classname="com.testng.NewTest"/>
</testsuite> <!-- com.testng.NewTest -->
