<?xml version="1.0" encoding="UTF-8"?>
<!-- Generated by org.testng.reporters.JUnitReportReporter -->
<testsuite skipped="0" hostname="idea-PC" name="com.trs.xyz.TestClass" tests="5" failures="0" timestamp="22 Sep 2017 12:36:58 GMT" time="0.020" errors="0">
  <testcase name="T1" time="0.011" classname="com.trs.xyz.TestClass"/>
  <testcase name="T1" time="0.002" classname="com.trs.xyz.TestClass"/>
  <testcase name="T2" time="0.003" classname="com.trs.xyz.TestClass"/>
  <testcase name="T2" time="0.001" classname="com.trs.xyz.TestClass"/>
  <testcase name="T2" time="0.003" classname="com.trs.xyz.TestClass"/>
</testsuite> <!-- com.trs.xyz.TestClass -->
