<?xml version="1.0" encoding="UTF-8"?>
<!-- Generated by org.testng.reporters.JUnitReportReporter -->
<testsuite skipped="0" hostname="idea-PC" name="GRID.Grid1" tests="1" failures="0" timestamp="22 Nov 2017 08:46:07 GMT" time="19.488" errors="0">
  <testcase name="Ec" time="19.488" classname="GRID.Grid1"/>
</testsuite> <!-- GRID.Grid1 -->
