<?xml version="1.0" encoding="UTF-8"?>
<!-- Generated by org.testng.reporters.JUnitReportReporter -->
<testsuite skipped="0" hostname="idea-PC" name="com.trs.xyz.NewTestJava3" tests="1" failures="0" timestamp="22 Sep 2017 15:08:25 GMT" time="0.016" errors="0">
  <testcase name="t" time="0.016" classname="com.trs.xyz.NewTestJava3"/>
</testsuite> <!-- com.trs.xyz.NewTestJava3 -->
