<?xml version="1.0" encoding="UTF-8"?>
<!-- Generated by org.testng.reporters.JUnitReportReporter -->
<testsuite skipped="0" hostname="idea-PC" name="Selenium.Alert" tests="1" failures="0" timestamp="12 Nov 2017 05:34:23 GMT" time="8.635" errors="0">
  <testcase name="f" time="8.635" classname="Selenium.Alert"/>
</testsuite> <!-- Selenium.Alert -->
