<?xml version="1.0" encoding="UTF-8"?>
<!-- Generated by org.testng.reporters.JUnitReportReporter -->
<testsuite skipped="0" hostname="idea-PC" name="com.testng.Demo1" tests="5" failures="0" timestamp="26 Feb 2018 04:14:44 GMT" time="0.017" errors="0">
  <testcase name="Logout" time="0.000" classname="com.testng.Demo1"/>
  <testcase name="SelectProduct" time="0.001" classname="com.testng.Demo1"/>
  <testcase name="EnterCredential" time="0.000" classname="com.testng.Demo1"/>
  <testcase name="CreateOrder" time="0.016" classname="com.testng.Demo1"/>
  <testcase name="Login" time="0.000" classname="com.testng.Demo1"/>
</testsuite> <!-- com.testng.Demo1 -->
