<?xml version="1.0" encoding="UTF-8"?>
<!-- Generated by org.testng.reporters.JUnitReportReporter -->
<testsuite skipped="0" hostname="idea-PC" name="com.testng.NewTest1" tests="5" failures="0" timestamp="15 Mar 2018 04:49:09 GMT" time="0.025" errors="0">
  <testcase name="EnterCredential2" time="0.005" classname="com.testng.NewTest1"/>
  <testcase name="Logout2" time="0.005" classname="com.testng.NewTest1"/>
  <testcase name="SelectProduct2" time="0.000" classname="com.testng.NewTest1"/>
  <testcase name="Login2" time="0.000" classname="com.testng.NewTest1"/>
  <testcase name="CreateOrder2" time="0.015" classname="com.testng.NewTest1"/>
</testsuite> <!-- com.testng.NewTest1 -->
