<?xml version="1.0" encoding="UTF-8"?>
<!-- Generated by org.testng.reporters.JUnitReportReporter -->
<testsuite skipped="0" hostname="idea-PC" name="com.trs.xyz.NewJavaTest5" tests="3" failures="0" timestamp="13 Aug 2017 12:57:32 GMT" time="0.738" errors="0">
  <testcase name="LogIn" time="0.177" classname="com.trs.xyz.NewJavaTest5"/>
  <testcase name="LogIn" time="0.180" classname="com.trs.xyz.NewJavaTest5"/>
  <testcase name="LogIn" time="0.381" classname="com.trs.xyz.NewJavaTest5"/>
</testsuite> <!-- com.trs.xyz.NewJavaTest5 -->
