<?xml version="1.0" encoding="UTF-8"?>
<!-- Generated by org.testng.reporters.JUnitReportReporter -->
<testsuite skipped="0" hostname="idea-PC" name="dropdownDemo.Case1" tests="4" failures="0" timestamp="11 Dec 2017 07:09:12 GMT" time="0.000" errors="0">
  <testcase name="LoginAppln" time="0.000" classname="dropdownDemo.Case1"/>
  <testcase name="LogoutAppln" time="0.000" classname="dropdownDemo.Case1"/>
  <testcase name="Browse" time="0.000" classname="dropdownDemo.Case1"/>
  <testcase name="Aelect" time="0.000" classname="dropdownDemo.Case1"/>
</testsuite> <!-- dropdownDemo.Case1 -->
