<?xml version="1.0" encoding="UTF-8"?>
<!-- Generated by org.testng.reporters.JUnitReportReporter -->
<testsuite skipped="0" hostname="idea-PC" name="com.testng.New_Test" tests="2" failures="0" timestamp="26 Feb 2018 04:24:08 GMT" time="0.016" errors="0">
  <testcase name="Fre" time="0.016" classname="com.testng.New_Test"/>
  <testcase name="Qwe" time="0.000" classname="com.testng.New_Test"/>
</testsuite> <!-- com.testng.New_Test -->
