<?xml version="1.0" encoding="UTF-8"?>
<!-- Generated by org.testng.reporters.JUnitReportReporter -->
<testsuite skipped="0" hostname="idea-PC" name="com.testng.NewTest3" tests="2" failures="0" timestamp="10 Dec 2017 06:03:46 GMT" time="14.440" errors="0">
  <testcase name="NegativeTest" time="7.462" classname="com.testng.NewTest3"/>
  <testcase name="PositiveTest" time="6.978" classname="com.testng.NewTest3"/>
</testsuite> <!-- com.testng.NewTest3 -->
