<?xml version="1.0" encoding="UTF-8"?>
<!-- Generated by org.testng.reporters.JUnitReportReporter -->
<testsuite skipped="0" hostname="idea-PC" name="com.scp.businesslogic.G" tests="1" failures="0" timestamp="12 Oct 2018 16:59:19 GMT" time="4.190" errors="0">
  <testcase name="post1" time="4.190" classname="com.scp.businesslogic.G"/>
</testsuite> <!-- com.scp.businesslogic.G -->
