<?xml version="1.0" encoding="UTF-8"?>
<!-- Generated by org.testng.reporters.JUnitReportReporter -->
<testsuite skipped="0" hostname="idea-PC" name="com.scp.businesslogic.Base" tests="1" failures="0" timestamp="24 Oct 2018 18:18:30 GMT" time="0.016" errors="0">
  <testcase name="loadFile" time="0.016" classname="com.scp.businesslogic.Base"/>
</testsuite> <!-- com.scp.businesslogic.Base -->
