<?xml version="1.0" encoding="UTF-8"?>
<!-- Generated by org.testng.reporters.JUnitReportReporter -->
<testsuite skipped="0" hostname="idea-PC" name="com.cg.apis.GetCall" tests="1" failures="0" timestamp="25 Oct 2018 18:21:59 GMT" time="3.256" errors="0">
  <testcase name="getCall2" time="3.256" classname="com.cg.apis.GetCall"/>
</testsuite> <!-- com.cg.apis.GetCall -->
