<?xml version="1.0" encoding="UTF-8"?>
<!-- Generated by org.testng.reporters.JUnitReportReporter -->
<testsuite skipped="0" hostname="idea-PC" name="com.cg.testcase.PostCallTest" tests="1" failures="0" timestamp="25 Oct 2018 19:42:27 GMT" time="5.282" errors="0">
  <testcase name="validatePostBody" time="5.282" classname="com.cg.testcase.PostCallTest"/>
</testsuite> <!-- com.cg.testcase.PostCallTest -->
