<?xml version="1.0" encoding="UTF-8"?>
<!-- Generated by org.testng.reporters.JUnitReportReporter -->
<testsuite skipped="0" hostname="idea-PC" name="com.scp.businesslogic.D2" tests="1" failures="0" timestamp="22 Oct 2018 15:11:44 GMT" time="5.032" errors="0">
  <testcase name="postRequest" time="5.032" classname="com.scp.businesslogic.D2"/>
</testsuite> <!-- com.scp.businesslogic.D2 -->
