<?xml version="1.0" encoding="UTF-8"?>
<!-- Generated by org.testng.reporters.JUnitReportReporter -->
<testsuite skipped="0" hostname="idea-PC" name="com.cg.testcase.GetCallTest$GetCallTest2" tests="1" failures="0" timestamp="25 Oct 2018 17:05:09 GMT" time="4.759" errors="0">
  <testcase name="validateBody" time="4.759" classname="com.cg.testcase.GetCallTest$GetCallTest2"/>
</testsuite> <!-- com.cg.testcase.GetCallTest$GetCallTest2 -->
