<?xml version="1.0" encoding="UTF-8"?>
<!-- Generated by org.testng.reporters.JUnitReportReporter -->
<testsuite skipped="0" hostname="idea-PC" name="com.cg.testcase.GetCallTest2" tests="1" failures="0" timestamp="25 Oct 2018 18:59:49 GMT" time="7.501" errors="0">
  <testcase name="validateBody" time="7.501" classname="com.cg.testcase.GetCallTest2"/>
</testsuite> <!-- com.cg.testcase.GetCallTest2 -->
