<?xml version="1.0" encoding="UTF-8"?>
<!-- Generated by org.testng.reporters.JUnitReportReporter -->
<testsuite skipped="0" hostname="idea-PC" name="com.cg.testcase.GetCallTest" tests="1" failures="0" timestamp="25 Oct 2018 18:38:02 GMT" time="7.779" errors="0">
  <testcase name="validateBody" time="7.779" classname="com.cg.testcase.GetCallTest"/>
</testsuite> <!-- com.cg.testcase.GetCallTest -->
